{"uuid":"05cffe6c-34a8-4b10-aaab-342fb7dbd0fb","historyId":"fc3b530f2183dd0b9a4bf4a7f6521b08","fullName":"com.thetestingacademy.tests.TestVWOLogin.testLoginNegative","labels":[{"name":"package","value":"com.thetestingacademy.tests.TestVWOLogin"},{"name":"testClass","value":"com.thetestingacademy.tests.TestVWOLogin"},{"name":"testMethod","value":"testLoginNegative"},{"name":"parentSuite","value":"Default Suite"},{"name":"suite","value":"ATB5xWebAutomationFramework-main"},{"name":"subSuite","value":"com.thetestingacademy.tests.TestVWOLogin"},{"name":"host","value":"MacBookAir"},{"name":"thread","value":"1386@MacBookAir.main(1)"},{"name":"framework","value":"testng"},{"name":"language","value":"java"}],"links":[],"name":"testLoginNegative","status":"broken","statusDetails":{"known":false,"muted":false,"flaky":false,"message":"Unable to obtain: Capabilities {browserName: MicrosoftEdge, ms:edgeOptions: {args: [], extensions: []}}, error Command failed with code: 65, executed: [--browser, MicrosoftEdge, --language-binding, java, --output, json]\nerror sending request for url (https://msedgedriver.azureedge.net/LATEST_RELEASE_141_MACOS): error trying to connect: dns error: failed to lookup address information: nodename nor servname provided, or not known\nBuild info: version: '4.19.1', revision: 'abe0ee07dc'\nSystem info: os.name: 'Mac OS X', os.arch: 'aarch64', os.version: '15.5', java.version: '20.0.2.1'\nDriver info: driver.version: EdgeDriver","trace":"org.openqa.selenium.remote.NoSuchDriverException: Unable to obtain: Capabilities {browserName: MicrosoftEdge, ms:edgeOptions: {args: [], extensions: []}}, error Command failed with code: 65, executed: [--browser, MicrosoftEdge, --language-binding, java, --output, json]\nerror sending request for url (https://msedgedriver.azureedge.net/LATEST_RELEASE_141_MACOS): error trying to connect: dns error: failed to lookup address information: nodename nor servname provided, or not known\nBuild info: version: '4.19.1', revision: 'abe0ee07dc'\nSystem info: os.name: 'Mac OS X', os.arch: 'aarch64', os.version: '15.5', java.version: '20.0.2.1'\nDriver info: driver.version: EdgeDriver\n\tat org.openqa.selenium.remote.service.DriverFinder.getPath(DriverFinder.java:48)\n\tat org.openqa.selenium.remote.service.DriverFinder.getPath(DriverFinder.java:33)\n\tat org.openqa.selenium.edge.EdgeDriver.generateExecutor(EdgeDriver.java:71)\n\tat org.openqa.selenium.edge.EdgeDriver.<init>(EdgeDriver.java:61)\n\tat org.openqa.selenium.edge.EdgeDriver.<init>(EdgeDriver.java:57)\n\tat org.openqa.selenium.edge.EdgeDriver.<init>(EdgeDriver.java:49)\n\tat org.openqa.selenium.edge.EdgeDriver.<init>(EdgeDriver.java:45)\n\tat com.thetestingacademy.tests.TestVWOLogin.testLoginNegative(TestVWOLogin.java:16)\n\tat java.base/jdk.internal.reflect.DirectMethodHandleAccessor.invoke(DirectMethodHandleAccessor.java:104)\n\tat java.base/java.lang.reflect.Method.invoke(Method.java:578)\n\tat org.testng.internal.invokers.MethodInvocationHelper.invokeMethod(MethodInvocationHelper.java:139)\n\tat org.testng.internal.invokers.TestInvoker.invokeMethod(TestInvoker.java:664)\n\tat org.testng.internal.invokers.TestInvoker.invokeTestMethod(TestInvoker.java:228)\n\tat org.testng.internal.invokers.MethodRunner.runInSequence(MethodRunner.java:63)\n\tat org.testng.internal.invokers.TestInvoker$MethodInvocationAgent.invoke(TestInvoker.java:961)\n\tat org.testng.internal.invokers.TestInvoker.invokeTestMethods(TestInvoker.java:201)\n\tat org.testng.internal.invokers.TestMethodWorker.invokeTestMethods(TestMethodWorker.java:148)\n\tat org.testng.internal.invokers.TestMethodWorker.run(TestMethodWorker.java:128)\n\tat java.base/java.util.ArrayList.forEach(ArrayList.java:1511)\n\tat org.testng.TestRunner.privateRun(TestRunner.java:819)\n\tat org.testng.TestRunner.run(TestRunner.java:619)\n\tat org.testng.SuiteRunner.runTest(SuiteRunner.java:443)\n\tat org.testng.SuiteRunner.runSequentially(SuiteRunner.java:437)\n\tat org.testng.SuiteRunner.privateRun(SuiteRunner.java:397)\n\tat org.testng.SuiteRunner.run(SuiteRunner.java:336)\n\tat org.testng.SuiteRunnerWorker.runSuite(SuiteRunnerWorker.java:52)\n\tat org.testng.SuiteRunnerWorker.run(SuiteRunnerWorker.java:95)\n\tat org.testng.TestNG.runSuitesSequentially(TestNG.java:1301)\n\tat org.testng.TestNG.runSuitesLocally(TestNG.java:1228)\n\tat org.testng.TestNG.runSuites(TestNG.java:1134)\n\tat org.testng.TestNG.run(TestNG.java:1101)\n\tat com.intellij.rt.testng.IDEARemoteTestNG.run(IDEARemoteTestNG.java:65)\n\tat com.intellij.rt.testng.RemoteTestNGStarter.main(RemoteTestNGStarter.java:105)\nCaused by: org.openqa.selenium.WebDriverException: Command failed with code: 65, executed: [--browser, MicrosoftEdge, --language-binding, java, --output, json]\nerror sending request for url (https://msedgedriver.azureedge.net/LATEST_RELEASE_141_MACOS): error trying to connect: dns error: failed to lookup address information: nodename nor servname provided, or not known\nBuild info: version: '4.19.1', revision: 'abe0ee07dc'\nSystem info: os.name: 'Mac OS X', os.arch: 'aarch64', os.version: '15.5', java.version: '20.0.2.1'\nDriver info: driver.version: EdgeDriver\n\tat org.openqa.selenium.manager.SeleniumManager.runCommand(SeleniumManager.java:159)\n\tat org.openqa.selenium.manager.SeleniumManager.getDriverPath(SeleniumManager.java:303)\n\tat org.openqa.selenium.remote.service.DriverFinder.getPath(DriverFinder.java:45)\n\t... 32 more\n"},"stage":"finished","steps":[],"attachments":[],"parameters":[],"start":1759933971996,"stop":1759934266264}